2025-08-11 16:56:46,881 | feature_selector | DEBUG | feature_selector.py:22 | select() | Features training is applied on: Index(['temperature', 'humidity', 'dew', 'apparent_temperature',
       'precipitation', 'rain', 'snow', 'surface_pressure',
       'evapotransporation', 'wind_speed', 'wind_direction', 'forecast',
       'generation', 'require', 'name_حافظ', 'name_سبلان',
       'name_سیکل ترکیبی ارومیه', 'name_سیکل ترکیبی شیروان',
       'name_سیکل ترکیبی یزد', 'name_شهدای پاکدشت - دماوند',
       'name_شهدای پیروز - بهبهان', 'name_شهید منتظری 1', 'name_عسلویه',
       'name_قم', 'name_پرند', 'name_گیلان', 'code_G12', 'code_G13',
       'code_G14', 'code_G15', 'code_G16', 'code_G17', 'code_G18', 'code_G19',
       'code_G20', 'code_G21', 'code_G22', 'code_S1', 'code_S2', 'code_S3',
       'code_S4', 'code_S5', 'code_S6', 'code_S7', 'code_S8'],
      dtype='object')
2025-08-11 17:11:23,314 | feature_selector | DEBUG | feature_selector.py:22 | select() | Features training is applied on: Index(['temperature', 'humidity', 'dew', 'apparent_temperature',
       'precipitation', 'rain', 'snow', 'surface_pressure',
       'evapotransporation', 'wind_speed', 'wind_direction', 'forecast',
       'generation', 'require', 'name_حافظ', 'name_سبلان',
       'name_سیکل ترکیبی ارومیه', 'name_سیکل ترکیبی شیروان',
       'name_سیکل ترکیبی یزد', 'name_شهدای پاکدشت - دماوند',
       'name_شهدای پیروز - بهبهان', 'name_شهید منتظری 1', 'name_عسلویه',
       'name_قم', 'name_پرند', 'name_گیلان', 'code_G12', 'code_G13',
       'code_G14', 'code_G15', 'code_G16', 'code_G17', 'code_G18', 'code_G19',
       'code_G20', 'code_G21', 'code_G22', 'code_S1', 'code_S2', 'code_S3',
       'code_S4', 'code_S5', 'code_S6', 'code_S7', 'code_S8'],
      dtype='object')
2025-08-11 17:26:03,159 | feature_selector | DEBUG | feature_selector.py:22 | select() | Features training is applied on: Index(['temperature', 'humidity', 'dew', 'apparent_temperature',
       'precipitation', 'rain', 'snow', 'surface_pressure',
       'evapotransporation', 'wind_speed', 'wind_direction', 'forecast',
       'generation', 'require', 'name_حافظ', 'name_سبلان',
       'name_سیکل ترکیبی ارومیه', 'name_سیکل ترکیبی شیروان',
       'name_سیکل ترکیبی یزد', 'name_شهدای پاکدشت - دماوند',
       'name_شهدای پیروز - بهبهان', 'name_شهید منتظری 1', 'name_عسلویه',
       'name_قم', 'name_پرند', 'name_گیلان', 'code_G12', 'code_G13',
       'code_G14', 'code_G15', 'code_G16', 'code_G17', 'code_G18', 'code_G19',
       'code_G20', 'code_G21', 'code_G22', 'code_S1', 'code_S2', 'code_S3',
       'code_S4', 'code_S5', 'code_S6', 'code_S7', 'code_S8'],
      dtype='object')
2025-08-11 17:26:26,775 | feature_selector | DEBUG | feature_selector.py:22 | select() | Features training is applied on: Index(['temperature', 'humidity', 'dew', 'apparent_temperature',
       'precipitation', 'rain', 'snow', 'surface_pressure',
       'evapotransporation', 'wind_speed', 'wind_direction', 'forecast',
       'generation', 'require', 'name_حافظ', 'name_سبلان',
       'name_سیکل ترکیبی ارومیه', 'name_سیکل ترکیبی شیروان',
       'name_سیکل ترکیبی یزد', 'name_شهدای پاکدشت - دماوند',
       'name_شهدای پیروز - بهبهان', 'name_شهید منتظری 1', 'name_عسلویه',
       'name_قم', 'name_پرند', 'name_گیلان', 'code_G12', 'code_G13',
       'code_G14', 'code_G15', 'code_G16', 'code_G17', 'code_G18', 'code_G19',
       'code_G20', 'code_G21', 'code_G22', 'code_S1', 'code_S2', 'code_S3',
       'code_S4', 'code_S5', 'code_S6', 'code_S7', 'code_S8'],
      dtype='object')
2025-08-11 17:27:18,425 | feature_selector | DEBUG | feature_selector.py:22 | select() | Features training is applied on: Index(['temperature', 'humidity', 'dew', 'apparent_temperature',
       'precipitation', 'rain', 'snow', 'surface_pressure',
       'evapotransporation', 'wind_speed', 'wind_direction', 'forecast',
       'generation', 'require', 'name_حافظ', 'name_سبلان',
       'name_سیکل ترکیبی ارومیه', 'name_سیکل ترکیبی شیروان',
       'name_سیکل ترکیبی یزد', 'name_شهدای پاکدشت - دماوند',
       'name_شهدای پیروز - بهبهان', 'name_شهید منتظری 1', 'name_عسلویه',
       'name_قم', 'name_پرند', 'name_گیلان', 'code_G12', 'code_G13',
       'code_G14', 'code_G15', 'code_G16', 'code_G17', 'code_G18', 'code_G19',
       'code_G20', 'code_G21', 'code_G22', 'code_S1', 'code_S2', 'code_S3',
       'code_S4', 'code_S5', 'code_S6', 'code_S7', 'code_S8'],
      dtype='object')
2025-08-11 17:27:33,971 | feature_selector | DEBUG | feature_selector.py:22 | select() | Features training is applied on: Index(['temperature', 'humidity', 'dew', 'apparent_temperature',
       'precipitation', 'rain', 'snow', 'surface_pressure',
       'evapotransporation', 'wind_speed', 'wind_direction', 'forecast',
       'generation', 'require', 'name_حافظ', 'name_سبلان',
       'name_سیکل ترکیبی ارومیه', 'name_سیکل ترکیبی شیروان',
       'name_سیکل ترکیبی یزد', 'name_شهدای پاکدشت - دماوند',
       'name_شهدای پیروز - بهبهان', 'name_شهید منتظری 1', 'name_عسلویه',
       'name_قم', 'name_پرند', 'name_گیلان', 'code_G12', 'code_G13',
       'code_G14', 'code_G15', 'code_G16', 'code_G17', 'code_G18', 'code_G19',
       'code_G20', 'code_G21', 'code_G22', 'code_S1', 'code_S2', 'code_S3',
       'code_S4', 'code_S5', 'code_S6', 'code_S7', 'code_S8'],
      dtype='object')
2025-08-11 17:28:47,639 | feature_selector | DEBUG | feature_selector.py:22 | select() | Features training is applied on: Index(['temperature', 'humidity', 'dew', 'apparent_temperature',
       'precipitation', 'rain', 'snow', 'surface_pressure',
       'evapotransporation', 'wind_speed', 'wind_direction', 'forecast',
       'generation', 'require', 'name_حافظ', 'name_سبلان',
       'name_سیکل ترکیبی ارومیه', 'name_سیکل ترکیبی شیروان',
       'name_سیکل ترکیبی یزد', 'name_شهدای پاکدشت - دماوند',
       'name_شهدای پیروز - بهبهان', 'name_شهید منتظری 1', 'name_عسلویه',
       'name_قم', 'name_پرند', 'name_گیلان', 'code_G12', 'code_G13',
       'code_G14', 'code_G15', 'code_G16', 'code_G17', 'code_G18', 'code_G19',
       'code_G20', 'code_G21', 'code_G22', 'code_S1', 'code_S2', 'code_S3',
       'code_S4', 'code_S5', 'code_S6', 'code_S7', 'code_S8'],
      dtype='object')
2025-08-11 17:30:37,714 | feature_selector | DEBUG | feature_selector.py:22 | select() | Features training is applied on: Index(['temperature', 'humidity', 'dew', 'apparent_temperature',
       'precipitation', 'rain', 'snow', 'surface_pressure',
       'evapotransporation', 'wind_speed', 'wind_direction', 'forecast',
       'generation', 'require', 'name_حافظ', 'name_سبلان',
       'name_سیکل ترکیبی ارومیه', 'name_سیکل ترکیبی شیروان',
       'name_سیکل ترکیبی یزد', 'name_شهدای پاکدشت - دماوند',
       'name_شهدای پیروز - بهبهان', 'name_شهید منتظری 1', 'name_عسلویه',
       'name_قم', 'name_پرند', 'name_گیلان', 'code_G12', 'code_G13',
       'code_G14', 'code_G15', 'code_G16', 'code_G17', 'code_G18', 'code_G19',
       'code_G20', 'code_G21', 'code_G22', 'code_S1', 'code_S2', 'code_S3',
       'code_S4', 'code_S5', 'code_S6', 'code_S7', 'code_S8'],
      dtype='object')
2025-08-11 17:31:00,714 | feature_selector | DEBUG | feature_selector.py:22 | select() | Features training is applied on: Index(['temperature', 'humidity', 'dew', 'apparent_temperature',
       'precipitation', 'rain', 'snow', 'surface_pressure',
       'evapotransporation', 'wind_speed', 'wind_direction', 'forecast',
       'generation', 'require', 'name_حافظ', 'name_سبلان',
       'name_سیکل ترکیبی ارومیه', 'name_سیکل ترکیبی شیروان',
       'name_سیکل ترکیبی یزد', 'name_شهدای پاکدشت - دماوند',
       'name_شهدای پیروز - بهبهان', 'name_شهید منتظری 1', 'name_عسلویه',
       'name_قم', 'name_پرند', 'name_گیلان', 'code_G12', 'code_G13',
       'code_G14', 'code_G15', 'code_G16', 'code_G17', 'code_G18', 'code_G19',
       'code_G20', 'code_G21', 'code_G22', 'code_S1', 'code_S2', 'code_S3',
       'code_S4', 'code_S5', 'code_S6', 'code_S7', 'code_S8'],
      dtype='object')
2025-08-11 17:34:23,327 | feature_selector | DEBUG | feature_selector.py:22 | select() | Features training is applied on: Index(['temperature', 'humidity', 'dew', 'apparent_temperature',
       'precipitation', 'rain', 'snow', 'surface_pressure',
       'evapotransporation', 'wind_speed', 'wind_direction', 'forecast',
       'generation', 'require', 'name_حافظ', 'name_سبلان',
       'name_سیکل ترکیبی ارومیه', 'name_سیکل ترکیبی شیروان',
       'name_سیکل ترکیبی یزد', 'name_شهدای پاکدشت - دماوند',
       'name_شهدای پیروز - بهبهان', 'name_شهید منتظری 1', 'name_عسلویه',
       'name_قم', 'name_پرند', 'name_گیلان', 'code_G12', 'code_G13',
       'code_G14', 'code_G15', 'code_G16', 'code_G17', 'code_G18', 'code_G19',
       'code_G20', 'code_G21', 'code_G22', 'code_S1', 'code_S2', 'code_S3',
       'code_S4', 'code_S5', 'code_S6', 'code_S7', 'code_S8'],
      dtype='object')
2025-08-11 17:49:13,000 | feature_selector | DEBUG | feature_selector.py:22 | select() | Features training is applied on: Index(['temperature', 'humidity', 'dew', 'apparent_temperature',
       'precipitation', 'rain', 'snow', 'surface_pressure',
       'evapotransporation', 'wind_speed', 'wind_direction', 'forecast',
       'generation', 'require', 'name_حافظ', 'name_سبلان',
       'name_سیکل ترکیبی ارومیه', 'name_سیکل ترکیبی شیروان',
       'name_سیکل ترکیبی یزد', 'name_شهدای پاکدشت - دماوند',
       'name_شهدای پیروز - بهبهان', 'name_شهید منتظری 1', 'name_عسلویه',
       'name_قم', 'name_پرند', 'name_گیلان', 'code_G12', 'code_G13',
       'code_G14', 'code_G15', 'code_G16', 'code_G17', 'code_G18', 'code_G19',
       'code_G20', 'code_G21', 'code_G22', 'code_S1', 'code_S2', 'code_S3',
       'code_S4', 'code_S5', 'code_S6', 'code_S7', 'code_S8'],
      dtype='object')
2025-08-11 17:52:33,052 | feature_selector | DEBUG | feature_selector.py:22 | select() | Features training is applied on: Index(['temperature', 'humidity', 'dew', 'apparent_temperature',
       'precipitation', 'rain', 'snow', 'surface_pressure',
       'evapotransporation', 'wind_speed', 'wind_direction', 'forecast',
       'generation', 'require', 'name_حافظ', 'name_سبلان',
       'name_سیکل ترکیبی ارومیه', 'name_سیکل ترکیبی شیروان',
       'name_سیکل ترکیبی یزد', 'name_شهدای پاکدشت - دماوند',
       'name_شهدای پیروز - بهبهان', 'name_شهید منتظری 1', 'name_عسلویه',
       'name_قم', 'name_پرند', 'name_گیلان', 'code_G12', 'code_G13',
       'code_G14', 'code_G15', 'code_G16', 'code_G17', 'code_G18', 'code_G19',
       'code_G20', 'code_G21', 'code_G22', 'code_S1', 'code_S2', 'code_S3',
       'code_S4', 'code_S5', 'code_S6', 'code_S7', 'code_S8'],
      dtype='object')
2025-08-11 17:52:55,126 | feature_selector | DEBUG | feature_selector.py:22 | select() | Features training is applied on: Index(['temperature', 'humidity', 'dew', 'apparent_temperature',
       'precipitation', 'rain', 'snow', 'surface_pressure',
       'evapotransporation', 'wind_speed', 'wind_direction', 'forecast',
       'generation', 'require', 'name_حافظ', 'name_سبلان',
       'name_سیکل ترکیبی ارومیه', 'name_سیکل ترکیبی شیروان',
       'name_سیکل ترکیبی یزد', 'name_شهدای پاکدشت - دماوند',
       'name_شهدای پیروز - بهبهان', 'name_شهید منتظری 1', 'name_عسلویه',
       'name_قم', 'name_پرند', 'name_گیلان', 'code_G12', 'code_G13',
       'code_G14', 'code_G15', 'code_G16', 'code_G17', 'code_G18', 'code_G19',
       'code_G20', 'code_G21', 'code_G22', 'code_S1', 'code_S2', 'code_S3',
       'code_S4', 'code_S5', 'code_S6', 'code_S7', 'code_S8'],
      dtype='object')
2025-08-11 18:02:19,089 | feature_selector | DEBUG | feature_selector.py:22 | select() | Features training is applied on: Index(['temperature', 'humidity', 'dew', 'apparent_temperature',
       'precipitation', 'rain', 'snow', 'surface_pressure',
       'evapotransporation', 'wind_speed', 'wind_direction', 'forecast',
       'generation', 'require', 'name_حافظ', 'name_سبلان',
       'name_سیکل ترکیبی ارومیه', 'name_سیکل ترکیبی شیروان',
       'name_سیکل ترکیبی یزد', 'name_شهدای پاکدشت - دماوند',
       'name_شهدای پیروز - بهبهان', 'name_شهید منتظری 1', 'name_عسلویه',
       'name_قم', 'name_پرند', 'name_گیلان', 'code_G12', 'code_G13',
       'code_G14', 'code_G15', 'code_G16', 'code_G17', 'code_G18', 'code_G19',
       'code_G20', 'code_G21', 'code_G22', 'code_S1', 'code_S2', 'code_S3',
       'code_S4', 'code_S5', 'code_S6', 'code_S7', 'code_S8'],
      dtype='object')
2025-08-11 18:22:06,351 | feature_selector | DEBUG | feature_selector.py:22 | select() | Features training is applied on: Index(['temperature', 'humidity', 'dew', 'apparent_temperature',
       'precipitation', 'rain', 'snow', 'surface_pressure',
       'evapotransporation', 'wind_speed', 'wind_direction', 'forecast',
       'generation', 'require', 'name_حافظ', 'name_سبلان',
       'name_سیکل ترکیبی ارومیه', 'name_سیکل ترکیبی شیروان',
       'name_سیکل ترکیبی یزد', 'name_شهدای پاکدشت - دماوند',
       'name_شهدای پیروز - بهبهان', 'name_شهید منتظری 1', 'name_عسلویه',
       'name_قم', 'name_پرند', 'name_گیلان', 'code_G12', 'code_G13',
       'code_G14', 'code_G15', 'code_G16', 'code_G17', 'code_G18', 'code_G19',
       'code_G20', 'code_G21', 'code_G22', 'code_S1', 'code_S2', 'code_S3',
       'code_S4', 'code_S5', 'code_S6', 'code_S7', 'code_S8'],
      dtype='object')
2025-08-11 20:15:23,416 | feature_selector | DEBUG | feature_selector.py:22 | select() | Features training is applied on: Index(['temperature', 'humidity', 'dew', 'apparent_temperature',
       'precipitation', 'rain', 'snow', 'surface_pressure',
       'evapotransporation', 'wind_speed', 'wind_direction', 'forecast',
       'generation', 'require', 'name_حافظ', 'name_سبلان',
       'name_سیکل ترکیبی ارومیه', 'name_سیکل ترکیبی شیروان',
       'name_سیکل ترکیبی یزد', 'name_شهدای پاکدشت - دماوند',
       'name_شهدای پیروز - بهبهان', 'name_شهید منتظری 1', 'name_عسلویه',
       'name_قم', 'name_پرند', 'name_گیلان', 'code_G12', 'code_G13',
       'code_G14', 'code_G15', 'code_G16', 'code_G17', 'code_G18', 'code_G19',
       'code_G20', 'code_G21', 'code_G22', 'code_S1', 'code_S2', 'code_S3',
       'code_S4', 'code_S5', 'code_S6', 'code_S7', 'code_S8'],
      dtype='object')
2025-08-11 20:18:07,775 | feature_selector | DEBUG | feature_selector.py:22 | select() | Features training is applied on: Index(['temperature', 'humidity', 'dew', 'apparent_temperature',
       'precipitation', 'rain', 'snow', 'surface_pressure',
       'evapotransporation', 'wind_speed', 'wind_direction', 'forecast',
       'generation', 'require', 'name_حافظ', 'name_سبلان',
       'name_سیکل ترکیبی ارومیه', 'name_سیکل ترکیبی شیروان',
       'name_سیکل ترکیبی یزد', 'name_شهدای پاکدشت - دماوند',
       'name_شهدای پیروز - بهبهان', 'name_شهید منتظری 1', 'name_عسلویه',
       'name_قم', 'name_پرند', 'name_گیلان', 'code_G12', 'code_G13',
       'code_G14', 'code_G15', 'code_G16', 'code_G17', 'code_G18', 'code_G19',
       'code_G20', 'code_G21', 'code_G22', 'code_S1', 'code_S2', 'code_S3',
       'code_S4', 'code_S5', 'code_S6', 'code_S7', 'code_S8'],
      dtype='object')
2025-08-11 20:19:32,634 | feature_selector | DEBUG | feature_selector.py:22 | select() | Features training is applied on: Index(['temperature', 'humidity', 'dew', 'apparent_temperature',
       'precipitation', 'rain', 'snow', 'surface_pressure',
       'evapotransporation', 'wind_speed', 'wind_direction', 'forecast',
       'generation', 'require', 'name_حافظ', 'name_سبلان',
       'name_سیکل ترکیبی ارومیه', 'name_سیکل ترکیبی شیروان',
       'name_سیکل ترکیبی یزد', 'name_شهدای پاکدشت - دماوند',
       'name_شهدای پیروز - بهبهان', 'name_شهید منتظری 1', 'name_عسلویه',
       'name_قم', 'name_پرند', 'name_گیلان', 'code_G12', 'code_G13',
       'code_G14', 'code_G15', 'code_G16', 'code_G17', 'code_G18', 'code_G19',
       'code_G20', 'code_G21', 'code_G22', 'code_S1', 'code_S2', 'code_S3',
       'code_S4', 'code_S5', 'code_S6', 'code_S7', 'code_S8'],
      dtype='object')
2025-08-11 20:21:37,178 | feature_selector | DEBUG | feature_selector.py:22 | select() | Features training is applied on: Index(['temperature', 'humidity', 'dew', 'apparent_temperature',
       'precipitation', 'rain', 'snow', 'surface_pressure',
       'evapotransporation', 'wind_speed', 'wind_direction', 'forecast',
       'generation', 'require', 'name_حافظ', 'name_سبلان',
       'name_سیکل ترکیبی ارومیه', 'name_سیکل ترکیبی شیروان',
       'name_سیکل ترکیبی یزد', 'name_شهدای پاکدشت - دماوند',
       'name_شهدای پیروز - بهبهان', 'name_شهید منتظری 1', 'name_عسلویه',
       'name_قم', 'name_پرند', 'name_گیلان', 'code_G12', 'code_G13',
       'code_G14', 'code_G15', 'code_G16', 'code_G17', 'code_G18', 'code_G19',
       'code_G20', 'code_G21', 'code_G22', 'code_S1', 'code_S2', 'code_S3',
       'code_S4', 'code_S5', 'code_S6', 'code_S7', 'code_S8', 'value_M',
       'value_P'],
      dtype='object')
2025-08-11 20:24:35,451 | feature_selector | DEBUG | feature_selector.py:22 | select() | Features training is applied on: Index(['temperature', 'humidity', 'dew', 'apparent_temperature',
       'precipitation', 'rain', 'snow', 'surface_pressure',
       'evapotransporation', 'wind_speed', 'wind_direction', 'forecast',
       'generation', 'require', 'name_حافظ', 'name_سبلان',
       'name_سیکل ترکیبی ارومیه', 'name_سیکل ترکیبی شیروان',
       'name_سیکل ترکیبی یزد', 'name_شهدای پاکدشت - دماوند',
       'name_شهدای پیروز - بهبهان', 'name_شهید منتظری 1', 'name_عسلویه',
       'name_قم', 'name_پرند', 'name_گیلان', 'code_G12', 'code_G13',
       'code_G14', 'code_G15', 'code_G16', 'code_G17', 'code_G18', 'code_G19',
       'code_G20', 'code_G21', 'code_G22', 'code_S1', 'code_S2', 'code_S3',
       'code_S4', 'code_S5', 'code_S6', 'code_S7', 'code_S8', 'value_M',
       'value_P'],
      dtype='object')
2025-08-11 20:24:42,797 | feature_selector | DEBUG | feature_selector.py:22 | select() | Features training is applied on: Index(['temperature', 'humidity', 'dew', 'apparent_temperature',
       'precipitation', 'rain', 'snow', 'surface_pressure',
       'evapotransporation', 'wind_speed', 'wind_direction', 'forecast',
       'generation', 'require', 'name_حافظ', 'name_سبلان',
       'name_سیکل ترکیبی ارومیه', 'name_سیکل ترکیبی شیروان',
       'name_سیکل ترکیبی یزد', 'name_شهدای پاکدشت - دماوند',
       'name_شهدای پیروز - بهبهان', 'name_شهید منتظری 1', 'name_عسلویه',
       'name_قم', 'name_پرند', 'name_گیلان', 'code_G12', 'code_G13',
       'code_G14', 'code_G15', 'code_G16', 'code_G17', 'code_G18', 'code_G19',
       'code_G20', 'code_G21', 'code_G22', 'code_S1', 'code_S2', 'code_S3',
       'code_S4', 'code_S5', 'code_S6', 'code_S7', 'code_S8', 'value_M',
       'value_P'],
      dtype='object')
2025-08-11 20:24:48,747 | feature_selector | DEBUG | feature_selector.py:22 | select() | Features training is applied on: Index(['temperature', 'humidity', 'dew', 'apparent_temperature',
       'precipitation', 'rain', 'snow', 'surface_pressure',
       'evapotransporation', 'wind_speed', 'wind_direction', 'forecast',
       'generation', 'require', 'name_حافظ', 'name_سبلان',
       'name_سیکل ترکیبی ارومیه', 'name_سیکل ترکیبی شیروان',
       'name_سیکل ترکیبی یزد', 'name_شهدای پاکدشت - دماوند',
       'name_شهدای پیروز - بهبهان', 'name_شهید منتظری 1', 'name_عسلویه',
       'name_قم', 'name_پرند', 'name_گیلان', 'code_G12', 'code_G13',
       'code_G14', 'code_G15', 'code_G16', 'code_G17', 'code_G18', 'code_G19',
       'code_G20', 'code_G21', 'code_G22', 'code_S1', 'code_S2', 'code_S3',
       'code_S4', 'code_S5', 'code_S6', 'code_S7', 'code_S8', 'value_M',
       'value_P'],
      dtype='object')
2025-08-11 20:34:33,174 | feature_selector | DEBUG | feature_selector.py:22 | select() | Features training is applied on: Index(['temperature', 'humidity', 'dew', 'apparent_temperature',
       'precipitation', 'rain', 'snow', 'surface_pressure',
       'evapotransporation', 'wind_speed', 'wind_direction', 'forecast',
       'generation', 'require', 'name_حافظ', 'name_سبلان',
       'name_سیکل ترکیبی ارومیه', 'name_سیکل ترکیبی شیروان',
       'name_سیکل ترکیبی یزد', 'name_شهدای پاکدشت - دماوند',
       'name_شهدای پیروز - بهبهان', 'name_شهید منتظری 1', 'name_عسلویه',
       'name_قم', 'name_پرند', 'name_گیلان', 'code_G12', 'code_G13',
       'code_G14', 'code_G15', 'code_G16', 'code_G17', 'code_G18', 'code_G19',
       'code_G20', 'code_G21', 'code_G22', 'code_S1', 'code_S2', 'code_S3',
       'code_S4', 'code_S5', 'code_S6', 'code_S7', 'code_S8'],
      dtype='object')
2025-08-11 20:38:00,110 | feature_selector | DEBUG | feature_selector.py:22 | select() | Features training is applied on: Index(['temperature', 'humidity', 'dew', 'apparent_temperature',
       'precipitation', 'rain', 'snow', 'surface_pressure',
       'evapotransporation', 'wind_speed', 'wind_direction', 'forecast',
       'generation', 'require', 'name_حافظ', 'name_سبلان',
       'name_سیکل ترکیبی ارومیه', 'name_سیکل ترکیبی شیروان',
       'name_سیکل ترکیبی یزد', 'name_شهدای پاکدشت - دماوند',
       'name_شهدای پیروز - بهبهان', 'name_شهید منتظری 1', 'name_عسلویه',
       'name_قم', 'name_پرند', 'name_گیلان', 'code_G12', 'code_G13',
       'code_G14', 'code_G15', 'code_G16', 'code_G17', 'code_G18', 'code_G19',
       'code_G20', 'code_G21', 'code_G22', 'code_S1', 'code_S2', 'code_S3',
       'code_S4', 'code_S5', 'code_S6', 'code_S7', 'code_S8'],
      dtype='object')
2025-08-11 20:40:11,734 | feature_selector | DEBUG | feature_selector.py:22 | select() | Features training is applied on: Index(['temperature', 'humidity', 'dew', 'apparent_temperature',
       'precipitation', 'rain', 'snow', 'surface_pressure',
       'evapotransporation', 'wind_speed', 'wind_direction', 'forecast',
       'generation', 'require', 'name_حافظ', 'name_سبلان',
       'name_سیکل ترکیبی ارومیه', 'name_سیکل ترکیبی شیروان',
       'name_سیکل ترکیبی یزد', 'name_شهدای پاکدشت - دماوند',
       'name_شهدای پیروز - بهبهان', 'name_شهید منتظری 1', 'name_عسلویه',
       'name_قم', 'name_پرند', 'name_گیلان', 'code_G12', 'code_G13',
       'code_G14', 'code_G15', 'code_G16', 'code_G17', 'code_G18', 'code_G19',
       'code_G20', 'code_G21', 'code_G22', 'code_S1', 'code_S2', 'code_S3',
       'code_S4', 'code_S5', 'code_S6', 'code_S7', 'code_S8'],
      dtype='object')
2025-08-11 20:40:54,663 | feature_selector | DEBUG | feature_selector.py:22 | select() | Features training is applied on: Index(['temperature', 'humidity', 'dew', 'apparent_temperature',
       'precipitation', 'rain', 'snow', 'surface_pressure',
       'evapotransporation', 'wind_speed', 'wind_direction', 'forecast',
       'generation', 'require', 'name_حافظ', 'name_سبلان',
       'name_سیکل ترکیبی ارومیه', 'name_سیکل ترکیبی شیروان',
       'name_سیکل ترکیبی یزد', 'name_شهدای پاکدشت - دماوند',
       'name_شهدای پیروز - بهبهان', 'name_شهید منتظری 1', 'name_عسلویه',
       'name_قم', 'name_پرند', 'name_گیلان', 'code_G12', 'code_G13',
       'code_G14', 'code_G15', 'code_G16', 'code_G17', 'code_G18', 'code_G19',
       'code_G20', 'code_G21', 'code_G22', 'code_S1', 'code_S2', 'code_S3',
       'code_S4', 'code_S5', 'code_S6', 'code_S7', 'code_S8'],
      dtype='object')
2025-08-11 20:41:57,119 | feature_selector | DEBUG | feature_selector.py:22 | select() | Features training is applied on: Index(['temperature', 'humidity', 'dew', 'apparent_temperature',
       'precipitation', 'rain', 'snow', 'surface_pressure',
       'evapotransporation', 'wind_speed', 'wind_direction', 'forecast',
       'generation', 'require', 'name_حافظ', 'name_سبلان',
       'name_سیکل ترکیبی ارومیه', 'name_سیکل ترکیبی شیروان',
       'name_سیکل ترکیبی یزد', 'name_شهدای پاکدشت - دماوند',
       'name_شهدای پیروز - بهبهان', 'name_شهید منتظری 1', 'name_عسلویه',
       'name_قم', 'name_پرند', 'name_گیلان', 'code_G12', 'code_G13',
       'code_G14', 'code_G15', 'code_G16', 'code_G17', 'code_G18', 'code_G19',
       'code_G20', 'code_G21', 'code_G22', 'code_S1', 'code_S2', 'code_S3',
       'code_S4', 'code_S5', 'code_S6', 'code_S7', 'code_S8'],
      dtype='object')
2025-08-11 20:42:48,775 | feature_selector | DEBUG | feature_selector.py:28 | select() | Features training is applied on: Index(['temperature', 'humidity', 'dew', 'apparent_temperature',
       'precipitation', 'rain', 'snow', 'surface_pressure',
       'evapotransporation', 'wind_speed', 'wind_direction', 'forecast',
       'generation', 'require', 'name_حافظ', 'name_سبلان',
       'name_سیکل ترکیبی ارومیه', 'name_سیکل ترکیبی شیروان',
       'name_سیکل ترکیبی یزد', 'name_شهدای پاکدشت - دماوند',
       'name_شهدای پیروز - بهبهان', 'name_شهید منتظری 1', 'name_عسلویه',
       'name_قم', 'name_پرند', 'name_گیلان', 'code_G12', 'code_G13',
       'code_G14', 'code_G15', 'code_G16', 'code_G17', 'code_G18', 'code_G19',
       'code_G20', 'code_G21', 'code_G22', 'code_S1', 'code_S2', 'code_S3',
       'code_S4', 'code_S5', 'code_S6', 'code_S7', 'code_S8'],
      dtype='object')
2025-08-11 20:43:08,312 | feature_selector | DEBUG | feature_selector.py:28 | select() | Features training is applied on: Index(['temperature', 'humidity', 'dew', 'apparent_temperature',
       'precipitation', 'rain', 'snow', 'surface_pressure',
       'evapotransporation', 'wind_speed', 'wind_direction', 'forecast',
       'generation', 'require', 'name_حافظ', 'name_سبلان',
       'name_سیکل ترکیبی ارومیه', 'name_سیکل ترکیبی شیروان',
       'name_سیکل ترکیبی یزد', 'name_شهدای پاکدشت - دماوند',
       'name_شهدای پیروز - بهبهان', 'name_شهید منتظری 1', 'name_عسلویه',
       'name_قم', 'name_پرند', 'name_گیلان', 'code_G12', 'code_G13',
       'code_G14', 'code_G15', 'code_G16', 'code_G17', 'code_G18', 'code_G19',
       'code_G20', 'code_G21', 'code_G22', 'code_S1', 'code_S2', 'code_S3',
       'code_S4', 'code_S5', 'code_S6', 'code_S7', 'code_S8'],
      dtype='object')
2025-08-11 20:43:50,029 | feature_selector | DEBUG | feature_selector.py:22 | select() | Features training is applied on: Index(['temperature', 'humidity', 'dew', 'apparent_temperature',
       'precipitation', 'rain', 'snow', 'surface_pressure',
       'evapotransporation', 'wind_speed', 'wind_direction', 'forecast',
       'generation', 'require', 'name_حافظ', 'name_سبلان',
       'name_سیکل ترکیبی ارومیه', 'name_سیکل ترکیبی شیروان',
       'name_سیکل ترکیبی یزد', 'name_شهدای پاکدشت - دماوند',
       'name_شهدای پیروز - بهبهان', 'name_شهید منتظری 1', 'name_عسلویه',
       'name_قم', 'name_پرند', 'name_گیلان', 'code_G12', 'code_G13',
       'code_G14', 'code_G15', 'code_G16', 'code_G17', 'code_G18', 'code_G19',
       'code_G20', 'code_G21', 'code_G22', 'code_S1', 'code_S2', 'code_S3',
       'code_S4', 'code_S5', 'code_S6', 'code_S7', 'code_S8'],
      dtype='object')
2025-08-12 09:34:37,393 | feature_selector | DEBUG | feature_selector.py:22 | select() | Features training is applied on: Index(['temperature', 'humidity', 'dew', 'apparent_temperature',
       'precipitation', 'rain', 'snow', 'surface_pressure',
       'evapotransporation', 'wind_speed', 'wind_direction', 'forecast',
       'generation', 'require', 'name_حافظ', 'name_سبلان',
       'name_سیکل ترکیبی ارومیه', 'name_سیکل ترکیبی شیروان',
       'name_سیکل ترکیبی یزد', 'name_شهدای پاکدشت - دماوند',
       'name_شهدای پیروز - بهبهان', 'name_شهید منتظری 1', 'name_عسلویه',
       'name_قم', 'name_پرند', 'name_گیلان', 'code_G12', 'code_G13',
       'code_G14', 'code_G15', 'code_G16', 'code_G17', 'code_G18', 'code_G19',
       'code_G20', 'code_G21', 'code_G22', 'code_S1', 'code_S2', 'code_S3',
       'code_S4', 'code_S5', 'code_S6', 'code_S7', 'code_S8'],
      dtype='object')
2025-08-12 09:35:48,312 | feature_selector | DEBUG | feature_selector.py:22 | select() | Features training is applied on: Index(['temperature', 'humidity', 'dew', 'apparent_temperature',
       'precipitation', 'rain', 'snow', 'surface_pressure',
       'evapotransporation', 'wind_speed', 'wind_direction', 'forecast',
       'generation', 'require', 'name_حافظ', 'name_سبلان',
       'name_سیکل ترکیبی ارومیه', 'name_سیکل ترکیبی شیروان',
       'name_سیکل ترکیبی یزد', 'name_شهدای پاکدشت - دماوند',
       'name_شهدای پیروز - بهبهان', 'name_شهید منتظری 1', 'name_عسلویه',
       'name_قم', 'name_پرند', 'name_گیلان', 'code_G12', 'code_G13',
       'code_G14', 'code_G15', 'code_G16', 'code_G17', 'code_G18', 'code_G19',
       'code_G20', 'code_G21', 'code_G22', 'code_S1', 'code_S2', 'code_S3',
       'code_S4', 'code_S5', 'code_S6', 'code_S7', 'code_S8'],
      dtype='object')
2025-08-12 09:48:54,680 | feature_selector | DEBUG | feature_selector.py:22 | select() | Features training is applied on: Index(['hour', 'temperature', 'humidity', 'dew', 'apparent_temperature',
       'precipitation', 'rain', 'snow', 'surface_pressure',
       'evapotransporation', 'wind_speed', 'wind_direction', 'forecast',
       'generation', 'require', 'name_حافظ', 'name_سبلان',
       'name_سیکل ترکیبی ارومیه', 'name_سیکل ترکیبی شیروان',
       'name_سیکل ترکیبی یزد', 'name_شهدای پاکدشت - دماوند',
       'name_شهدای پیروز - بهبهان', 'name_شهید منتظری 1', 'name_عسلویه',
       'name_قم', 'name_پرند', 'name_گیلان', 'code_G12', 'code_G13',
       'code_G14', 'code_G15', 'code_G16', 'code_G17', 'code_G18', 'code_G19',
       'code_G20', 'code_G21', 'code_G22', 'code_S1', 'code_S2', 'code_S3',
       'code_S4', 'code_S5', 'code_S6', 'code_S7', 'code_S8'],
      dtype='object')
2025-08-16 10:54:09,731 | feature_selector | DEBUG | feature_selector.py:22 | select() | Features training is applied on: Index(['temperature', 'humidity', 'dew', 'apparent_temperature',
       'precipitation', 'rain', 'snow', 'surface_pressure',
       'evapotransporation', 'wind_speed', 'wind_direction', 'forecast',
       'generation', 'require', 'name_حافظ', 'name_سبلان',
       'name_سیکل ترکیبی ارومیه', 'name_سیکل ترکیبی شیروان',
       'name_سیکل ترکیبی یزد', 'name_شهدای پاکدشت - دماوند',
       'name_شهدای پیروز - بهبهان', 'name_شهید منتظری 1', 'name_عسلویه',
       'name_قم', 'name_پرند', 'name_گیلان', 'code_G12', 'code_G13',
       'code_G14', 'code_G15', 'code_G16', 'code_G17', 'code_G18', 'code_G19',
       'code_G20', 'code_G21', 'code_G22', 'code_S1', 'code_S2', 'code_S3',
       'code_S4', 'code_S5', 'code_S6', 'code_S7', 'code_S8'],
      dtype='object')
2025-08-16 10:59:42,092 | feature_selector | DEBUG | feature_selector.py:22 | select() | Features training is applied on: Index(['temperature', 'humidity', 'dew', 'apparent_temperature',
       'precipitation', 'rain', 'snow', 'surface_pressure',
       'evapotransporation', 'wind_speed', 'wind_direction', 'forecast',
       'generation', 'require', 'name_حافظ', 'name_سبلان',
       'name_سیکل ترکیبی ارومیه', 'name_سیکل ترکیبی شیروان',
       'name_سیکل ترکیبی یزد', 'name_شهدای پاکدشت - دماوند',
       'name_شهدای پیروز - بهبهان', 'name_شهید منتظری 1', 'name_عسلویه',
       'name_قم', 'name_پرند', 'name_گیلان', 'code_G12', 'code_G13',
       'code_G14', 'code_G15', 'code_G16', 'code_G17', 'code_G18', 'code_G19',
       'code_G20', 'code_G21', 'code_G22', 'code_S1', 'code_S2', 'code_S3',
       'code_S4', 'code_S5', 'code_S6', 'code_S7', 'code_S8'],
      dtype='object')
2025-08-16 11:00:12,755 | feature_selector | DEBUG | feature_selector.py:22 | select() | Features training is applied on: Index(['temperature', 'humidity', 'dew', 'apparent_temperature',
       'precipitation', 'rain', 'snow', 'surface_pressure',
       'evapotransporation', 'wind_speed', 'wind_direction', 'forecast',
       'generation', 'require', 'name_حافظ', 'name_سبلان',
       'name_سیکل ترکیبی ارومیه', 'name_سیکل ترکیبی شیروان',
       'name_سیکل ترکیبی یزد', 'name_شهدای پاکدشت - دماوند',
       'name_شهدای پیروز - بهبهان', 'name_شهید منتظری 1', 'name_عسلویه',
       'name_قم', 'name_پرند', 'name_گیلان', 'code_G12', 'code_G13',
       'code_G14', 'code_G15', 'code_G16', 'code_G17', 'code_G18', 'code_G19',
       'code_G20', 'code_G21', 'code_G22', 'code_S1', 'code_S2', 'code_S3',
       'code_S4', 'code_S5', 'code_S6', 'code_S7', 'code_S8'],
      dtype='object')
2025-08-16 11:03:25,904 | feature_selector | DEBUG | feature_selector.py:22 | select() | Features training is applied on: Index(['temperature', 'humidity', 'dew', 'apparent_temperature',
       'precipitation', 'rain', 'snow', 'surface_pressure',
       'evapotransporation', 'wind_speed', 'wind_direction', 'forecast',
       'generation', 'require', 'name_حافظ', 'name_سبلان',
       'name_سیکل ترکیبی ارومیه', 'name_سیکل ترکیبی شیروان',
       'name_سیکل ترکیبی یزد', 'name_شهدای پاکدشت - دماوند',
       'name_شهدای پیروز - بهبهان', 'name_شهید منتظری 1', 'name_عسلویه',
       'name_قم', 'name_پرند', 'name_گیلان', 'code_G12', 'code_G13',
       'code_G14', 'code_G15', 'code_G16', 'code_G17', 'code_G18', 'code_G19',
       'code_G20', 'code_G21', 'code_G22', 'code_S1', 'code_S2', 'code_S3',
       'code_S4', 'code_S5', 'code_S6', 'code_S7', 'code_S8'],
      dtype='object')
2025-08-16 11:08:26,395 | feature_selector | DEBUG | feature_selector.py:22 | select() | Features training is applied on: Index(['temperature', 'humidity', 'dew', 'apparent_temperature',
       'precipitation', 'rain', 'snow', 'surface_pressure',
       'evapotransporation', 'wind_speed', 'wind_direction', 'forecast',
       'generation', 'require', 'name_حافظ', 'name_سبلان',
       'name_سیکل ترکیبی ارومیه', 'name_سیکل ترکیبی شیروان',
       'name_سیکل ترکیبی یزد', 'name_شهدای پاکدشت - دماوند',
       'name_شهدای پیروز - بهبهان', 'name_شهید منتظری 1', 'name_عسلویه',
       'name_قم', 'name_پرند', 'name_گیلان', 'code_G12', 'code_G13',
       'code_G14', 'code_G15', 'code_G16', 'code_G17', 'code_G18', 'code_G19',
       'code_G20', 'code_G21', 'code_G22', 'code_S1', 'code_S2', 'code_S3',
       'code_S4', 'code_S5', 'code_S6', 'code_S7', 'code_S8'],
      dtype='object')
2025-08-16 11:09:02,518 | feature_selector | DEBUG | feature_selector.py:22 | select() | Features training is applied on: Index(['temperature', 'humidity', 'dew', 'apparent_temperature',
       'precipitation', 'rain', 'snow', 'surface_pressure',
       'evapotransporation', 'wind_speed', 'wind_direction', 'forecast',
       'generation', 'require', 'name_حافظ', 'name_سبلان',
       'name_سیکل ترکیبی ارومیه', 'name_سیکل ترکیبی شیروان',
       'name_سیکل ترکیبی یزد', 'name_شهدای پاکدشت - دماوند',
       'name_شهدای پیروز - بهبهان', 'name_شهید منتظری 1', 'name_عسلویه',
       'name_قم', 'name_پرند', 'name_گیلان', 'code_G12', 'code_G13',
       'code_G14', 'code_G15', 'code_G16', 'code_G17', 'code_G18', 'code_G19',
       'code_G20', 'code_G21', 'code_G22', 'code_S1', 'code_S2', 'code_S3',
       'code_S4', 'code_S5', 'code_S6', 'code_S7', 'code_S8'],
      dtype='object')
2025-08-16 11:11:24,895 | feature_selector | DEBUG | feature_selector.py:22 | select() | Features training is applied on: Index(['temperature', 'humidity', 'dew', 'apparent_temperature',
       'precipitation', 'rain', 'snow', 'surface_pressure',
       'evapotransporation', 'wind_speed', 'wind_direction', 'forecast',
       'generation', 'require', 'name_حافظ', 'name_سبلان',
       'name_سیکل ترکیبی ارومیه', 'name_سیکل ترکیبی شیروان',
       'name_سیکل ترکیبی یزد', 'name_شهدای پاکدشت - دماوند',
       'name_شهدای پیروز - بهبهان', 'name_شهید منتظری 1', 'name_عسلویه',
       'name_قم', 'name_پرند', 'name_گیلان', 'code_G12', 'code_G13',
       'code_G14', 'code_G15', 'code_G16', 'code_G17', 'code_G18', 'code_G19',
       'code_G20', 'code_G21', 'code_G22', 'code_S1', 'code_S2', 'code_S3',
       'code_S4', 'code_S5', 'code_S6', 'code_S7', 'code_S8'],
      dtype='object')
2025-08-16 11:11:54,552 | feature_selector | DEBUG | feature_selector.py:22 | select() | Features training is applied on: Index(['temperature', 'humidity', 'dew', 'apparent_temperature',
       'precipitation', 'rain', 'snow', 'surface_pressure',
       'evapotransporation', 'wind_speed', 'wind_direction', 'forecast',
       'generation', 'require', 'name_حافظ', 'name_سبلان',
       'name_سیکل ترکیبی ارومیه', 'name_سیکل ترکیبی شیروان',
       'name_سیکل ترکیبی یزد', 'name_شهدای پاکدشت - دماوند',
       'name_شهدای پیروز - بهبهان', 'name_شهید منتظری 1', 'name_عسلویه',
       'name_قم', 'name_پرند', 'name_گیلان', 'code_G12', 'code_G13',
       'code_G14', 'code_G15', 'code_G16', 'code_G17', 'code_G18', 'code_G19',
       'code_G20', 'code_G21', 'code_G22', 'code_S1', 'code_S2', 'code_S3',
       'code_S4', 'code_S5', 'code_S6', 'code_S7', 'code_S8'],
      dtype='object')
2025-08-16 11:13:14,388 | feature_selector | DEBUG | feature_selector.py:22 | select() | Features training is applied on: Index(['temperature', 'humidity', 'dew', 'apparent_temperature',
       'precipitation', 'rain', 'snow', 'surface_pressure',
       'evapotransporation', 'wind_speed', 'wind_direction', 'forecast',
       'generation', 'require', 'name_حافظ', 'name_سبلان',
       'name_سیکل ترکیبی ارومیه', 'name_سیکل ترکیبی شیروان',
       'name_سیکل ترکیبی یزد', 'name_شهدای پاکدشت - دماوند',
       'name_شهدای پیروز - بهبهان', 'name_شهید منتظری 1', 'name_عسلویه',
       'name_قم', 'name_پرند', 'name_گیلان', 'code_G12', 'code_G13',
       'code_G14', 'code_G15', 'code_G16', 'code_G17', 'code_G18', 'code_G19',
       'code_G20', 'code_G21', 'code_G22', 'code_S1', 'code_S2', 'code_S3',
       'code_S4', 'code_S5', 'code_S6', 'code_S7', 'code_S8'],
      dtype='object')
2025-08-16 11:13:51,862 | feature_selector | DEBUG | feature_selector.py:22 | select() | Features training is applied on: Index(['temperature', 'humidity', 'dew', 'apparent_temperature',
       'precipitation', 'rain', 'snow', 'surface_pressure',
       'evapotransporation', 'wind_speed', 'wind_direction', 'forecast',
       'generation', 'require', 'name_حافظ', 'name_سبلان',
       'name_سیکل ترکیبی ارومیه', 'name_سیکل ترکیبی شیروان',
       'name_سیکل ترکیبی یزد', 'name_شهدای پاکدشت - دماوند',
       'name_شهدای پیروز - بهبهان', 'name_شهید منتظری 1', 'name_عسلویه',
       'name_قم', 'name_پرند', 'name_گیلان', 'code_G12', 'code_G13',
       'code_G14', 'code_G15', 'code_G16', 'code_G17', 'code_G18', 'code_G19',
       'code_G20', 'code_G21', 'code_G22', 'code_S1', 'code_S2', 'code_S3',
       'code_S4', 'code_S5', 'code_S6', 'code_S7', 'code_S8'],
      dtype='object')
2025-08-16 11:14:05,543 | feature_selector | DEBUG | feature_selector.py:22 | select() | Features training is applied on: Index(['temperature', 'humidity', 'dew', 'apparent_temperature',
       'precipitation', 'rain', 'snow', 'surface_pressure',
       'evapotransporation', 'wind_speed', 'wind_direction', 'forecast',
       'generation', 'require', 'name_حافظ', 'name_سبلان',
       'name_سیکل ترکیبی ارومیه', 'name_سیکل ترکیبی شیروان',
       'name_سیکل ترکیبی یزد', 'name_شهدای پاکدشت - دماوند',
       'name_شهدای پیروز - بهبهان', 'name_شهید منتظری 1', 'name_عسلویه',
       'name_قم', 'name_پرند', 'name_گیلان', 'code_G12', 'code_G13',
       'code_G14', 'code_G15', 'code_G16', 'code_G17', 'code_G18', 'code_G19',
       'code_G20', 'code_G21', 'code_G22', 'code_S1', 'code_S2', 'code_S3',
       'code_S4', 'code_S5', 'code_S6', 'code_S7', 'code_S8'],
      dtype='object')
2025-08-16 11:14:48,834 | feature_selector | DEBUG | feature_selector.py:22 | select() | Features training is applied on: Index(['temperature', 'humidity', 'dew', 'apparent_temperature',
       'precipitation', 'rain', 'snow', 'surface_pressure',
       'evapotransporation', 'wind_speed', 'wind_direction', 'forecast',
       'generation', 'require', 'name_حافظ', 'name_سبلان',
       'name_سیکل ترکیبی ارومیه', 'name_سیکل ترکیبی شیروان',
       'name_سیکل ترکیبی یزد', 'name_شهدای پاکدشت - دماوند',
       'name_شهدای پیروز - بهبهان', 'name_شهید منتظری 1', 'name_عسلویه',
       'name_قم', 'name_پرند', 'name_گیلان', 'code_G12', 'code_G13',
       'code_G14', 'code_G15', 'code_G16', 'code_G17', 'code_G18', 'code_G19',
       'code_G20', 'code_G21', 'code_G22', 'code_S1', 'code_S2', 'code_S3',
       'code_S4', 'code_S5', 'code_S6', 'code_S7', 'code_S8'],
      dtype='object')
2025-08-16 11:15:39,406 | feature_selector | DEBUG | feature_selector.py:22 | select() | Features training is applied on: Index(['temperature', 'humidity', 'dew', 'apparent_temperature',
       'precipitation', 'rain', 'snow', 'surface_pressure',
       'evapotransporation', 'wind_speed', 'wind_direction', 'forecast',
       'generation', 'require', 'name_حافظ', 'name_سبلان',
       'name_سیکل ترکیبی ارومیه', 'name_سیکل ترکیبی شیروان',
       'name_سیکل ترکیبی یزد', 'name_شهدای پاکدشت - دماوند',
       'name_شهدای پیروز - بهبهان', 'name_شهید منتظری 1', 'name_عسلویه',
       'name_قم', 'name_پرند', 'name_گیلان', 'code_G12', 'code_G13',
       'code_G14', 'code_G15', 'code_G16', 'code_G17', 'code_G18', 'code_G19',
       'code_G20', 'code_G21', 'code_G22', 'code_S1', 'code_S2', 'code_S3',
       'code_S4', 'code_S5', 'code_S6', 'code_S7', 'code_S8'],
      dtype='object')
2025-08-16 11:16:31,576 | feature_selector | DEBUG | feature_selector.py:22 | select() | Features training is applied on: Index(['temperature', 'humidity', 'dew', 'apparent_temperature',
       'surface_pressure', 'wind_speed', 'forecast', 'generation', 'require',
       'name_حافظ', 'name_سبلان', 'name_سیکل ترکیبی ارومیه',
       'name_سیکل ترکیبی شیروان', 'name_سیکل ترکیبی یزد',
       'name_شهدای پاکدشت - دماوند', 'name_شهدای پیروز - بهبهان',
       'name_شهید منتظری 1', 'name_عسلویه', 'name_قم', 'name_پرند',
       'name_گیلان', 'code_G12', 'code_G13', 'code_G14', 'code_G15',
       'code_G16', 'code_G17', 'code_G18', 'code_G19', 'code_G20', 'code_G21',
       'code_G22', 'code_S1', 'code_S2', 'code_S3', 'code_S4', 'code_S5',
       'code_S6', 'code_S7', 'code_S8'],
      dtype='object')
2025-08-16 11:16:57,494 | feature_selector | DEBUG | feature_selector.py:22 | select() | Features training is applied on: Index(['temperature', 'humidity', 'dew', 'apparent_temperature',
       'surface_pressure', 'wind_speed', 'forecast', 'generation', 'require',
       'name_حافظ', 'name_سبلان', 'name_سیکل ترکیبی ارومیه',
       'name_سیکل ترکیبی شیروان', 'name_سیکل ترکیبی یزد',
       'name_شهدای پاکدشت - دماوند', 'name_شهدای پیروز - بهبهان',
       'name_شهید منتظری 1', 'name_عسلویه', 'name_قم', 'name_پرند',
       'name_گیلان', 'code_G12', 'code_G13', 'code_G14', 'code_G15',
       'code_G16', 'code_G17', 'code_G18', 'code_G19', 'code_G20', 'code_G21',
       'code_G22', 'code_S1', 'code_S2', 'code_S3', 'code_S4', 'code_S5',
       'code_S6', 'code_S7', 'code_S8'],
      dtype='object')
2025-08-16 11:17:53,478 | feature_selector | DEBUG | feature_selector.py:22 | select() | Features training is applied on: Index(['temperature', 'humidity', 'dew', 'apparent_temperature',
       'surface_pressure', 'wind_speed', 'forecast', 'generation', 'require',
       'name_حافظ', 'name_سبلان', 'name_سیکل ترکیبی ارومیه',
       'name_سیکل ترکیبی شیروان', 'name_سیکل ترکیبی یزد',
       'name_شهدای پاکدشت - دماوند', 'name_شهدای پیروز - بهبهان',
       'name_شهید منتظری 1', 'name_عسلویه', 'name_قم', 'name_پرند',
       'name_گیلان', 'code_G12', 'code_G13', 'code_G14', 'code_G15',
       'code_G16', 'code_G17', 'code_G18', 'code_G19', 'code_G20', 'code_G21',
       'code_G22', 'code_S1', 'code_S2', 'code_S3', 'code_S4', 'code_S5',
       'code_S6', 'code_S7', 'code_S8'],
      dtype='object')
2025-08-16 11:21:09,362 | feature_selector | DEBUG | feature_selector.py:22 | select() | Features training is applied on: Index(['temperature', 'humidity', 'dew', 'apparent_temperature',
       'precipitation', 'rain', 'snow', 'surface_pressure',
       'evapotransporation', 'wind_speed', 'wind_direction', 'forecast',
       'generation', 'require', 'name_حافظ', 'name_سبلان',
       'name_سیکل ترکیبی ارومیه', 'name_سیکل ترکیبی شیروان',
       'name_سیکل ترکیبی یزد', 'name_شهدای پاکدشت - دماوند',
       'name_شهدای پیروز - بهبهان', 'name_شهید منتظری 1', 'name_عسلویه',
       'name_قم', 'name_پرند', 'name_گیلان', 'code_G12', 'code_G13',
       'code_G14', 'code_G15', 'code_G16', 'code_G17', 'code_G18', 'code_G19',
       'code_G20', 'code_G21', 'code_G22', 'code_S1', 'code_S2', 'code_S3',
       'code_S4', 'code_S5', 'code_S6', 'code_S7', 'code_S8'],
      dtype='object')
2025-08-16 11:23:24,887 | feature_selector | DEBUG | feature_selector.py:22 | select() | Features training is applied on: Index(['temperature', 'humidity', 'dew', 'apparent_temperature',
       'precipitation', 'rain', 'snow', 'surface_pressure',
       'evapotransporation', 'wind_speed', 'wind_direction', 'forecast',
       'generation', 'require', 'name_حافظ', 'name_سبلان',
       'name_سیکل ترکیبی ارومیه', 'name_سیکل ترکیبی شیروان',
       'name_سیکل ترکیبی یزد', 'name_شهدای پاکدشت - دماوند',
       'name_شهدای پیروز - بهبهان', 'name_شهید منتظری 1', 'name_عسلویه',
       'name_قم', 'name_پرند', 'name_گیلان', 'code_G12', 'code_G13',
       'code_G14', 'code_G15', 'code_G16', 'code_G17', 'code_G18', 'code_G19',
       'code_G20', 'code_G21', 'code_G22', 'code_S1', 'code_S2', 'code_S3',
       'code_S4', 'code_S5', 'code_S6', 'code_S7', 'code_S8'],
      dtype='object')
2025-08-16 15:34:29,081 | feature_selector | DEBUG | feature_selector.py:22 | select() | Features training is applied on: Index(['temperature', 'humidity', 'dew', 'apparent_temperature',
       'precipitation', 'rain', 'snow', 'surface_pressure',
       'evapotransporation', 'wind_speed', 'wind_direction', 'forecast',
       'generation', 'require', 'name_حافظ', 'name_سبلان',
       'name_سیکل ترکیبی ارومیه', 'name_سیکل ترکیبی شیروان',
       'name_سیکل ترکیبی یزد', 'name_شهدای پاکدشت - دماوند',
       'name_شهدای پیروز - بهبهان', 'name_شهید منتظری 1', 'name_عسلویه',
       'name_قم', 'name_پرند', 'name_گیلان', 'code_G12', 'code_G13',
       'code_G14', 'code_G15', 'code_G16', 'code_G17', 'code_G18', 'code_G19',
       'code_G20', 'code_G21', 'code_G22', 'code_S1', 'code_S2', 'code_S3',
       'code_S4', 'code_S5', 'code_S6', 'code_S7', 'code_S8'],
      dtype='object')
2025-08-16 17:05:23,275 | feature_selector | DEBUG | feature_selector.py:22 | select() | Features training is applied on: Index(['temperature', 'humidity', 'dew', 'apparent_temperature',
       'precipitation', 'rain', 'snow', 'surface_pressure',
       'evapotransporation', 'wind_speed', 'wind_direction', 'forecast',
       'generation', 'require', 'prediction', 'name_حافظ', 'name_سبلان',
       'name_سیکل ترکیبی ارومیه', 'name_سیکل ترکیبی شیروان',
       'name_سیکل ترکیبی یزد', 'name_شهدای پاکدشت - دماوند',
       'name_شهدای پیروز - بهبهان', 'name_شهید منتظری 1', 'name_عسلویه',
       'name_قم', 'name_پرند', 'name_گیلان', 'code_G12', 'code_G13',
       'code_G14', 'code_G15', 'code_G16', 'code_G17', 'code_G18', 'code_G19',
       'code_G20', 'code_G21', 'code_G22', 'code_S1', 'code_S2', 'code_S3',
       'code_S4', 'code_S5', 'code_S6', 'code_S7', 'code_S8'],
      dtype='object')
2025-08-16 17:05:44,509 | feature_selector | DEBUG | feature_selector.py:22 | select() | Features training is applied on: Index(['temperature', 'humidity', 'dew', 'apparent_temperature',
       'precipitation', 'rain', 'snow', 'surface_pressure',
       'evapotransporation', 'wind_speed', 'wind_direction', 'forecast',
       'generation', 'require', 'prediction', 'name_حافظ', 'name_سبلان',
       'name_سیکل ترکیبی ارومیه', 'name_سیکل ترکیبی شیروان',
       'name_سیکل ترکیبی یزد', 'name_شهدای پاکدشت - دماوند',
       'name_شهدای پیروز - بهبهان', 'name_شهید منتظری 1', 'name_عسلویه',
       'name_قم', 'name_پرند', 'name_گیلان', 'code_G12', 'code_G13',
       'code_G14', 'code_G15', 'code_G16', 'code_G17', 'code_G18', 'code_G19',
       'code_G20', 'code_G21', 'code_G22', 'code_S1', 'code_S2', 'code_S3',
       'code_S4', 'code_S5', 'code_S6', 'code_S7', 'code_S8'],
      dtype='object')
2025-08-16 17:06:38,680 | feature_selector | DEBUG | feature_selector.py:22 | select() | Features training is applied on: Index(['temperature', 'humidity', 'dew', 'apparent_temperature',
       'precipitation', 'rain', 'snow', 'surface_pressure',
       'evapotransporation', 'wind_speed', 'wind_direction', 'forecast',
       'generation', 'require', 'prediction', 'name_حافظ', 'name_سبلان',
       'name_سیکل ترکیبی ارومیه', 'name_سیکل ترکیبی شیروان',
       'name_سیکل ترکیبی یزد', 'name_شهدای پاکدشت - دماوند',
       'name_شهدای پیروز - بهبهان', 'name_شهید منتظری 1', 'name_عسلویه',
       'name_قم', 'name_پرند', 'name_گیلان', 'code_G12', 'code_G13',
       'code_G14', 'code_G15', 'code_G16', 'code_G17', 'code_G18', 'code_G19',
       'code_G20', 'code_G21', 'code_G22', 'code_S1', 'code_S2', 'code_S3',
       'code_S4', 'code_S5', 'code_S6', 'code_S7', 'code_S8'],
      dtype='object')
2025-08-16 17:07:10,062 | feature_selector | DEBUG | feature_selector.py:22 | select() | Features training is applied on: Index(['temperature', 'humidity', 'dew', 'apparent_temperature',
       'precipitation', 'rain', 'snow', 'surface_pressure',
       'evapotransporation', 'wind_speed', 'wind_direction', 'forecast',
       'generation', 'require', 'prediction', 'name_حافظ', 'name_سبلان',
       'name_سیکل ترکیبی ارومیه', 'name_سیکل ترکیبی شیروان',
       'name_سیکل ترکیبی یزد', 'name_شهدای پاکدشت - دماوند',
       'name_شهدای پیروز - بهبهان', 'name_شهید منتظری 1', 'name_عسلویه',
       'name_قم', 'name_پرند', 'name_گیلان', 'code_G12', 'code_G13',
       'code_G14', 'code_G15', 'code_G16', 'code_G17', 'code_G18', 'code_G19',
       'code_G20', 'code_G21', 'code_G22', 'code_S1', 'code_S2', 'code_S3',
       'code_S4', 'code_S5', 'code_S6', 'code_S7', 'code_S8'],
      dtype='object')
